<?xml version="1.0" encoding="UTF-8"?>
<!-- Generated by org.testng.reporters.JUnitXMLReporter -->
<testsuite hostname="CHENNWL-455FT12" name="About_Test" tests="3" failures="2" timestamp="15 Feb 2016 08:02:41 GMT" time="100.457" errors="0">
  <testcase name="About_Me_Test" time="24.453" classname="com.obj.About.About_Test_Case">
    <failure type="org.openqa.selenium.WebDriverException" message="Element is not clickable at point (1207.8499755859375, 21). Other element would receive the click: &amp;lt;a href=&amp;quot;/logout&amp;quot; ui-sref=&amp;quot;logout&amp;quot; title=&amp;quot;Logout&amp;quot; id=&amp;quot;primary-nav-logout&amp;quot;&amp;gt;&amp;lt;/a&amp;gt;
Command duration or timeout: 63 milliseconds
Build info: version: &amp;apos;2.52.0&amp;apos;, revision: &amp;apos;4c2593c&amp;apos;, time: &amp;apos;2016-02-11 19:06:49&amp;apos;
System info: host: &amp;apos;CHENNWL-455FT12&amp;apos;, ip: &amp;apos;192.168.56.1&amp;apos;, os.name: &amp;apos;Windows 7&amp;apos;, os.arch: &amp;apos;amd64&amp;apos;, os.version: &amp;apos;6.1&amp;apos;, java.version: &amp;apos;1.8.0_05&amp;apos;
Driver info: org.openqa.selenium.firefox.FirefoxDriver
Capabilities [{applicationCacheEnabled=true, rotatable=false, handlesAlerts=true, databaseEnabled=true, version=44.0.2, platform=WINDOWS, nativeEvents=false, acceptSslCerts=true, webStorageEnabled=true, locationContextEnabled=true, browserName=firefox, takesScreenshot=true, javascriptEnabled=true, cssSelectorsEnabled=true}]
Session ID: ca8bfa7b-77d2-4ca4-a90b-e251b6f00df1">
      <![CDATA[org.openqa.selenium.WebDriverException: Element is not clickable at point (1207.8499755859375, 21). Other element would receive the click: <a href="/logout" ui-sref="logout" title="Logout" id="primary-nav-logout"></a>
Command duration or timeout: 63 milliseconds
Build info: version: '2.52.0', revision: '4c2593c', time: '2016-02-11 19:06:49'
System info: host: 'CHENNWL-455FT12', ip: '192.168.56.1', os.name: 'Windows 7', os.arch: 'amd64', os.version: '6.1', java.version: '1.8.0_05'
Driver info: org.openqa.selenium.firefox.FirefoxDriver
Capabilities [{applicationCacheEnabled=true, rotatable=false, handlesAlerts=true, databaseEnabled=true, version=44.0.2, platform=WINDOWS, nativeEvents=false, acceptSslCerts=true, webStorageEnabled=true, locationContextEnabled=true, browserName=firefox, takesScreenshot=true, javascriptEnabled=true, cssSelectorsEnabled=true}]
Session ID: ca8bfa7b-77d2-4ca4-a90b-e251b6f00df1
	at org.openqa.selenium.remote.ErrorHandler.createThrowable(ErrorHandler.java:206)
	at org.openqa.selenium.remote.ErrorHandler.throwIfResponseFailed(ErrorHandler.java:158)
	at org.openqa.selenium.remote.RemoteWebDriver.execute(RemoteWebDriver.java:678)
	at org.openqa.selenium.remote.RemoteWebElement.execute(RemoteWebElement.java:327)
	at org.openqa.selenium.remote.RemoteWebElement.click(RemoteWebElement.java:85)
	at com.obj.About.About.Select_Submit(About.java:775)
	at com.obj.About.About_Test_Case.About_Me_Test(About_Test_Case.java:174)
... Removed 28 stack frames]]>
    </failure>
  </testcase> <!-- About_Me_Test -->
  <testcase name="Navigate_To_About" time="4.63" classname="com.obj.About.About_Test_Case"/>
  <testcase name="Profile_Basic_Information_In_About" time="26.518" classname="com.obj.About.About_Test_Case">
    <failure type="org.openqa.selenium.WebDriverException" message="Element is not clickable at point (1207.8499755859375, 21). Other element would receive the click: &amp;lt;a href=&amp;quot;/logout&amp;quot; ui-sref=&amp;quot;logout&amp;quot; title=&amp;quot;Logout&amp;quot; id=&amp;quot;primary-nav-logout&amp;quot;&amp;gt;&amp;lt;/a&amp;gt;
Command duration or timeout: 66 milliseconds
Build info: version: &amp;apos;2.52.0&amp;apos;, revision: &amp;apos;4c2593c&amp;apos;, time: &amp;apos;2016-02-11 19:06:49&amp;apos;
System info: host: &amp;apos;CHENNWL-455FT12&amp;apos;, ip: &amp;apos;192.168.56.1&amp;apos;, os.name: &amp;apos;Windows 7&amp;apos;, os.arch: &amp;apos;amd64&amp;apos;, os.version: &amp;apos;6.1&amp;apos;, java.version: &amp;apos;1.8.0_05&amp;apos;
Driver info: org.openqa.selenium.firefox.FirefoxDriver
Capabilities [{applicationCacheEnabled=true, rotatable=false, handlesAlerts=true, databaseEnabled=true, version=44.0.2, platform=WINDOWS, nativeEvents=false, acceptSslCerts=true, webStorageEnabled=true, locationContextEnabled=true, browserName=firefox, takesScreenshot=true, javascriptEnabled=true, cssSelectorsEnabled=true}]
Session ID: ca8bfa7b-77d2-4ca4-a90b-e251b6f00df1">
      <![CDATA[org.openqa.selenium.WebDriverException: Element is not clickable at point (1207.8499755859375, 21). Other element would receive the click: <a href="/logout" ui-sref="logout" title="Logout" id="primary-nav-logout"></a>
Command duration or timeout: 66 milliseconds
Build info: version: '2.52.0', revision: '4c2593c', time: '2016-02-11 19:06:49'
System info: host: 'CHENNWL-455FT12', ip: '192.168.56.1', os.name: 'Windows 7', os.arch: 'amd64', os.version: '6.1', java.version: '1.8.0_05'
Driver info: org.openqa.selenium.firefox.FirefoxDriver
Capabilities [{applicationCacheEnabled=true, rotatable=false, handlesAlerts=true, databaseEnabled=true, version=44.0.2, platform=WINDOWS, nativeEvents=false, acceptSslCerts=true, webStorageEnabled=true, locationContextEnabled=true, browserName=firefox, takesScreenshot=true, javascriptEnabled=true, cssSelectorsEnabled=true}]
Session ID: ca8bfa7b-77d2-4ca4-a90b-e251b6f00df1
	at org.openqa.selenium.remote.ErrorHandler.createThrowable(ErrorHandler.java:206)
	at org.openqa.selenium.remote.ErrorHandler.throwIfResponseFailed(ErrorHandler.java:158)
	at org.openqa.selenium.remote.RemoteWebDriver.execute(RemoteWebDriver.java:678)
	at org.openqa.selenium.remote.RemoteWebElement.execute(RemoteWebElement.java:327)
	at org.openqa.selenium.remote.RemoteWebElement.click(RemoteWebElement.java:85)
	at com.obj.About.About.Select_Submit(About.java:775)
	at com.obj.About.About_Test_Case.Profile_Basic_Information_In_About(About_Test_Case.java:126)
... Removed 28 stack frames]]>
    </failure>
  </testcase> <!-- Profile_Basic_Information_In_About -->
</testsuite> <!-- About_Test -->
