<?xml version="1.0" encoding="UTF-8"?>
<!-- Generated by org.testng.reporters.JUnitXMLReporter -->
<testsuite hostname="CHENNWL-455FT12" name="Discussion_Test" tests="6" failures="2" timestamp="15 Feb 2016 08:01:01 GMT" time="122.31" errors="0">
  <testcase name="Deleting_Discussion_Replies_Test" time="45.476" classname="com.obj.Discussion.Discussion_Test_Case">
    <failure type="org.openqa.selenium.NoSuchElementException" message="Unable to locate element: {&amp;quot;method&amp;quot;:&amp;quot;xpath&amp;quot;,&amp;quot;selector&amp;quot;:&amp;quot;/html/body/div[2]/div[2]/div[3]/div/div/div[1]/div/div/section/ul/li[1]/dc-preview/section/section/div[1]/div[2]/div/ul/li[2]/a&amp;quot;}
Command duration or timeout: 30.14 seconds
For documentation on this error, please visit: http://seleniumhq.org/exceptions/no_such_element.html
Build info: version: &amp;apos;2.52.0&amp;apos;, revision: &amp;apos;4c2593c&amp;apos;, time: &amp;apos;2016-02-11 19:06:49&amp;apos;
System info: host: &amp;apos;CHENNWL-455FT12&amp;apos;, ip: &amp;apos;192.168.56.1&amp;apos;, os.name: &amp;apos;Windows 7&amp;apos;, os.arch: &amp;apos;amd64&amp;apos;, os.version: &amp;apos;6.1&amp;apos;, java.version: &amp;apos;1.8.0_05&amp;apos;
Driver info: org.openqa.selenium.firefox.FirefoxDriver
Capabilities [{applicationCacheEnabled=true, rotatable=false, handlesAlerts=true, databaseEnabled=true, version=44.0.2, platform=WINDOWS, nativeEvents=false, acceptSslCerts=true, webStorageEnabled=true, locationContextEnabled=true, browserName=firefox, takesScreenshot=true, javascriptEnabled=true, cssSelectorsEnabled=true}]
Session ID: eb0cd3d4-f4b6-4d63-bc6b-c494ea13edad
*** Element info: {Using=xpath, value=/html/body/div[2]/div[2]/div[3]/div/div/div[1]/div/div/section/ul/li[1]/dc-preview/section/section/div[1]/div[2]/div/ul/li[2]/a}">
      <![CDATA[org.openqa.selenium.NoSuchElementException: Unable to locate element: {"method":"xpath","selector":"/html/body/div[2]/div[2]/div[3]/div/div/div[1]/div/div/section/ul/li[1]/dc-preview/section/section/div[1]/div[2]/div/ul/li[2]/a"}
Command duration or timeout: 30.14 seconds
For documentation on this error, please visit: http://seleniumhq.org/exceptions/no_such_element.html
Build info: version: '2.52.0', revision: '4c2593c', time: '2016-02-11 19:06:49'
System info: host: 'CHENNWL-455FT12', ip: '192.168.56.1', os.name: 'Windows 7', os.arch: 'amd64', os.version: '6.1', java.version: '1.8.0_05'
Driver info: org.openqa.selenium.firefox.FirefoxDriver
Capabilities [{applicationCacheEnabled=true, rotatable=false, handlesAlerts=true, databaseEnabled=true, version=44.0.2, platform=WINDOWS, nativeEvents=false, acceptSslCerts=true, webStorageEnabled=true, locationContextEnabled=true, browserName=firefox, takesScreenshot=true, javascriptEnabled=true, cssSelectorsEnabled=true}]
Session ID: eb0cd3d4-f4b6-4d63-bc6b-c494ea13edad
*** Element info: {Using=xpath, value=/html/body/div[2]/div[2]/div[3]/div/div/div[1]/div/div/section/ul/li[1]/dc-preview/section/section/div[1]/div[2]/div/ul/li[2]/a}
	at org.openqa.selenium.remote.ErrorHandler.createThrowable(ErrorHandler.java:206)
	at org.openqa.selenium.remote.ErrorHandler.throwIfResponseFailed(ErrorHandler.java:158)
	at org.openqa.selenium.remote.RemoteWebDriver.execute(RemoteWebDriver.java:678)
	at org.openqa.selenium.remote.RemoteWebDriver.findElement(RemoteWebDriver.java:363)
	at org.openqa.selenium.remote.RemoteWebDriver.findElementByXPath(RemoteWebDriver.java:500)
	at org.openqa.selenium.By$ByXPath.findElement(By.java:361)
	at org.openqa.selenium.remote.RemoteWebDriver.findElement(RemoteWebDriver.java:355)
	at com.obj.Discussion.Discussion.Is_Delete_Option_Displayed(Discussion.java:356)
	at com.obj.Discussion.Discussion_Test_Case.Deleting_Discussion_Replies_Test(Discussion_Test_Case.java:183)
Caused by: org.openqa.selenium.NoSuchElementException: Unable to locate element: {"method":"xpath","selector":"/html/body/div[2]/div[2]/div[3]/div/div/div[1]/div/div/section/ul/li[1]/dc-preview/section/section/div[1]/div[2]/div/ul/li[2]/a"}
For documentation on this error, please visit: http://seleniumhq.org/exceptions/no_such_element.html
Build info: version: '2.52.0', revision: '4c2593c', time: '2016-02-11 19:06:49'
System info: host: 'CHENNWL-455FT12', ip: '192.168.56.1', os.name: 'Windows 7', os.arch: 'amd64', os.version: '6.1', java.version: '1.8.0_05'
Driver info: driver.version: unknown
	at <anonymous class>.FirefoxDriver.prototype.findElementInternal_(file:///C:/Users/MRANGA~1/AppData/Local/Temp/anonymous2135991023458387792webdriver-profile/extensions/fxdriver@googlecode.com/components/driver-component.js:10723)
	at <anonymous class>.fxdriver.Timer.prototype.setTimeout/<.notify(file:///C:/Users/MRANGA~1/AppData/Local/Temp/anonymous2135991023458387792webdriver-profile/extensions/fxdriver@googlecode.com/components/driver-component.js:623)
... Removed 28 stack frames]]>
    </failure>
  </testcase> <!-- Deleting_Discussion_Replies_Test -->
  <testcase name="Discussion_Replies_Option_Test" time="9.599" classname="com.obj.Discussion.Discussion_Test_Case"/>
  <testcase name="Discussion_Replies_test" time="9.965" classname="com.obj.Discussion.Discussion_Test_Case"/>
  <testcase name="Editing_Discussion_Replies_Test" time="8.822" classname="com.obj.Discussion.Discussion_Test_Case">
    <failure type="org.openqa.selenium.WebDriverException" message="Element is not clickable at point (710.5, 13.199996948242188). Other element would receive the click: &amp;lt;div class=&amp;quot;navbar-collapse&amp;quot; ui-view=&amp;quot;nav&amp;quot;&amp;gt;&amp;lt;/div&amp;gt;
Command duration or timeout: 282 milliseconds
Build info: version: &amp;apos;2.52.0&amp;apos;, revision: &amp;apos;4c2593c&amp;apos;, time: &amp;apos;2016-02-11 19:06:49&amp;apos;
System info: host: &amp;apos;CHENNWL-455FT12&amp;apos;, ip: &amp;apos;192.168.56.1&amp;apos;, os.name: &amp;apos;Windows 7&amp;apos;, os.arch: &amp;apos;amd64&amp;apos;, os.version: &amp;apos;6.1&amp;apos;, java.version: &amp;apos;1.8.0_05&amp;apos;
Driver info: org.openqa.selenium.firefox.FirefoxDriver
Capabilities [{applicationCacheEnabled=true, rotatable=false, handlesAlerts=true, databaseEnabled=true, version=44.0.2, platform=WINDOWS, nativeEvents=false, acceptSslCerts=true, webStorageEnabled=true, locationContextEnabled=true, browserName=firefox, takesScreenshot=true, javascriptEnabled=true, cssSelectorsEnabled=true}]
Session ID: eb0cd3d4-f4b6-4d63-bc6b-c494ea13edad">
      <![CDATA[org.openqa.selenium.WebDriverException: Element is not clickable at point (710.5, 13.199996948242188). Other element would receive the click: <div class="navbar-collapse" ui-view="nav"></div>
Command duration or timeout: 282 milliseconds
Build info: version: '2.52.0', revision: '4c2593c', time: '2016-02-11 19:06:49'
System info: host: 'CHENNWL-455FT12', ip: '192.168.56.1', os.name: 'Windows 7', os.arch: 'amd64', os.version: '6.1', java.version: '1.8.0_05'
Driver info: org.openqa.selenium.firefox.FirefoxDriver
Capabilities [{applicationCacheEnabled=true, rotatable=false, handlesAlerts=true, databaseEnabled=true, version=44.0.2, platform=WINDOWS, nativeEvents=false, acceptSslCerts=true, webStorageEnabled=true, locationContextEnabled=true, browserName=firefox, takesScreenshot=true, javascriptEnabled=true, cssSelectorsEnabled=true}]
Session ID: eb0cd3d4-f4b6-4d63-bc6b-c494ea13edad
	at org.openqa.selenium.remote.ErrorHandler.createThrowable(ErrorHandler.java:206)
	at org.openqa.selenium.remote.ErrorHandler.throwIfResponseFailed(ErrorHandler.java:158)
	at org.openqa.selenium.remote.RemoteWebDriver.execute(RemoteWebDriver.java:678)
	at org.openqa.selenium.remote.RemoteWebElement.execute(RemoteWebElement.java:327)
	at org.openqa.selenium.remote.RemoteWebElement.click(RemoteWebElement.java:85)
	at com.obj.Discussion.Discussion.Click_Edit_Option(Discussion.java:300)
	at com.obj.Discussion.Discussion_Test_Case.Editing_Discussion_Replies_Test(Discussion_Test_Case.java:142)
... Removed 28 stack frames]]>
    </failure>
  </testcase> <!-- Editing_Discussion_Replies_Test -->
  <testcase name="Navigate_To_Discussion_Page_Test" time="1.447" classname="com.obj.Discussion.Discussion_Test_Case"/>
  <testcase name="filtering_Unfiltering_Discussion_Test" time="3.928" classname="com.obj.Discussion.Discussion_Test_Case"/>
</testsuite> <!-- Discussion_Test -->
